<?xml version="1.0" encoding="UTF-8"?>
<testsuite name="com.intercorp.entrevista.Services.ClientServicesTest" tests="3" skipped="0" failures="0" errors="0" timestamp="2020-02-25T19:02:47" hostname="HYAATORRESLX" time="0.272">
  <properties/>
  <testcase name="insertClientSuccessful()" classname="com.intercorp.entrevista.Services.ClientServicesTest" time="0.266"/>
  <testcase name="obtainClientsEmptyList()" classname="com.intercorp.entrevista.Services.ClientServicesTest" time="0.002"/>
  <testcase name="getKpiClientsEmpty()" classname="com.intercorp.entrevista.Services.ClientServicesTest" time="0.002"/>
  <system-out><![CDATA[16:02:47.518 [Test worker] INFO com.intercorp.entrevista.Config.ConnectionDB - Remote connection successful.
]]></system-out>
  <system-err><![CDATA[Tue Feb 25 16:02:46 ART 2020 WARN: Establishing SSL connection without server's identity verification is not recommended. According to MySQL 5.5.45+, 5.6.26+ and 5.7.6+ requirements SSL connection must be established by default if explicit option isn't set. For compliance with existing applications not using SSL the verifyServerCertificate property is set to 'false'. You need either to explicitly disable SSL by setting useSSL=false, or set useSSL=true and provide truststore for server certificate verification.
]]></system-err>
</testsuite>
